Base path: H:/unity3d/Data
Pipe name: \\.\pipe\UnityShaderCompiler-4-5520
Cmd: getPlatforms
Cmd: compileSnippet
  api=0 type=0 insize=3359 outsize=743 kw=WATER_REFLECTIVE ok=1
Cmd: compileSnippet
  api=1 type=0 insize=3359 outsize=341 kw=WATER_SIMPLE ok=1
Cmd: compileSnippet
  api=1 type=1 insize=3359 outsize=810 kw=WATER_REFRACTIVE ok=1
Cmd: compileSnippet
  api=0 type=1 insize=3359 outsize=823 kw=WATER_SIMPLE ok=1
Cmd: compileSnippet
  api=4 type=1 insize=3359 outsize=2225 kw=WATER_SIMPLE ok=1
Cmd: compileSnippet
  api=8 type=0 insize=451 outsize=5265 kw= ok=1
Cmd: compileSnippet
  api=8 type=1 insize=451 outsize=3681 kw= ok=1
Cmd: compileSnippet
  api=1 type=1 insize=485 outsize=921 kw= ok=1
Cmd: compileSnippet
  api=0 type=0 insize=5744 outsize=1259 kw=DIRECTIONAL SHADOWS_OFF LIGHTMAP_ON DIRLIGHTMAP_OFF ok=1
Cmd: compileSnippet
  api=4 type=0 insize=5744 outsize=6125 kw=DIRECTIONAL SHADOWS_SCREEN LIGHTMAP_OFF DIRLIGHTMAP_OFF ok=1
Cmd: compileSnippet
  api=1 type=0 insize=5744 outsize=1948 kw=DIRECTIONAL SHADOWS_OFF LIGHTMAP_OFF DIRLIGHTMAP_OFF VERTEXLIGHT_ON ok=1
Cmd: compileSnippet
  api=1 type=1 insize=5744 outsize=2139 kw=DIRECTIONAL SHADOWS_OFF LIGHTMAP_OFF DIRLIGHTMAP_OFF ok=1
Cmd: compileSnippet
  api=1 type=1 insize=5744 outsize=2226 kw=DIRECTIONAL SHADOWS_SCREEN LIGHTMAP_OFF DIRLIGHTMAP_OFF ok=1
Cmd: compileSnippet
  api=1 type=1 insize=5744 outsize=1648 kw=DIRECTIONAL SHADOWS_SCREEN LIGHTMAP_ON DIRLIGHTMAP_OFF ok=1
Cmd: compileSnippet
  api=1 type=0 insize=3480 outsize=1026 kw=DIRECTIONAL ok=1
Cmd: compileSnippet
  api=4 type=0 insize=3480 outsize=5418 kw=SPOT ok=1
Cmd: compileSnippet
  api=4 type=0 insize=3480 outsize=5328 kw=DIRECTIONAL_COOKIE ok=1
Cmd: compileSnippet
  api=1 type=1 insize=3480 outsize=1879 kw=DIRECTIONAL ok=1
Cmd: compileSnippet
  api=0 type=1 insize=3480 outsize=2213 kw=POINT_COOKIE ok=1
Cmd: compileSnippet
  api=4 type=1 insize=3480 outsize=5198 kw=DIRECTIONAL_COOKIE ok=1
Cmd: compileSnippet
  api=0 type=0 insize=5492 outsize=1255 kw=DIRECTIONAL SHADOWS_OFF LIGHTMAP_ON DIRLIGHTMAP_OFF ok=1
Cmd: compileSnippet
  api=4 type=0 insize=5492 outsize=3963 kw=DIRECTIONAL SHADOWS_OFF LIGHTMAP_ON DIRLIGHTMAP_OFF ok=1
Cmd: compileSnippet
  api=1 type=0 insize=5492 outsize=1336 kw=DIRECTIONAL SHADOWS_SCREEN LIGHTMAP_OFF DIRLIGHTMAP_OFF ok=1
Cmd: compileSnippet
  api=0 type=0 insize=5492 outsize=1367 kw=DIRECTIONAL SHADOWS_SCREEN LIGHTMAP_ON DIRLIGHTMAP_OFF ok=1
Cmd: compileSnippet
  api=4 type=0 insize=5492 outsize=4321 kw=DIRECTIONAL SHADOWS_SCREEN LIGHTMAP_ON DIRLIGHTMAP_OFF ok=1
Cmd: compileSnippet
  api=1 type=0 insize=5492 outsize=1779 kw=DIRECTIONAL SHADOWS_OFF LIGHTMAP_OFF DIRLIGHTMAP_OFF VERTEXLIGHT_ON ok=1
Cmd: compileSnippet
  api=1 type=0 insize=5492 outsize=1899 kw=DIRECTIONAL SHADOWS_SCREEN LIGHTMAP_OFF DIRLIGHTMAP_OFF VERTEXLIGHT_ON ok=1
Cmd: compileSnippet
  api=4 type=0 insize=5492 outsize=7603 kw=DIRECTIONAL SHADOWS_SCREEN LIGHTMAP_OFF DIRLIGHTMAP_OFF VERTEXLIGHT_ON ok=1
Cmd: compileSnippet
  api=8 type=1 insize=5492 outsize=6614 kw=DIRECTIONAL SHADOWS_OFF LIGHTMAP_OFF DIRLIGHTMAP_OFF ok=1
Cmd: compileSnippet
  api=0 type=1 insize=5492 outsize=1689 kw=DIRECTIONAL SHADOWS_SCREEN LIGHTMAP_OFF DIRLIGHTMAP_OFF ok=1
Cmd: compileSnippet
  api=4 type=1 insize=5492 outsize=4605 kw=DIRECTIONAL SHADOWS_SCREEN LIGHTMAP_OFF DIRLIGHTMAP_OFF ok=1
Cmd: compileSnippet
  api=1 type=1 insize=5492 outsize=1472 kw=DIRECTIONAL SHADOWS_SCREEN LIGHTMAP_ON DIRLIGHTMAP_OFF ok=1
Cmd: compileSnippet
  api=8 type=1 insize=5492 outsize=7053 kw=DIRECTIONAL SHADOWS_SCREEN LIGHTMAP_ON DIRLIGHTMAP_OFF ok=1
Cmd: compileSnippet
  api=8 type=0 insize=3259 outsize=7589 kw=POINT ok=1
Cmd: compileSnippet
  api=0 type=0 insize=3259 outsize=1689 kw=POINT_COOKIE ok=1
Cmd: compileSnippet
  api=1 type=0 insize=3259 outsize=1025 kw=POINT_COOKIE ok=1
Cmd: compileSnippet
  api=0 type=0 insize=3259 outsize=1609 kw=DIRECTIONAL_COOKIE ok=1
Cmd: compileSnippet
  api=1 type=1 insize=3259 outsize=1427 kw=POINT ok=1
Cmd: compileSnippet
  api=1 type=1 insize=3259 outsize=1260 kw=DIRECTIONAL ok=1
Cmd: compileSnippet
  api=0 type=1 insize=3259 outsize=1839 kw=SPOT ok=1
Cmd: compileSnippet
  api=4 type=1 insize=3259 outsize=4703 kw=SPOT ok=1
Cmd: compileSnippet
  api=8 type=1 insize=3259 outsize=6703 kw=POINT_COOKIE ok=1
Cmd: compileSnippet
  api=0 type=0 insize=5358 outsize=1122 kw=DIRECTIONAL SHADOWS_OFF LIGHTMAP_ON DIRLIGHTMAP_OFF ok=1
Cmd: compileSnippet
  api=1 type=0 insize=5358 outsize=1414 kw=DIRECTIONAL SHADOWS_SCREEN LIGHTMAP_OFF DIRLIGHTMAP_OFF ok=1
Cmd: compileSnippet
  api=4 type=0 insize=5358 outsize=4045 kw=DIRECTIONAL SHADOWS_SCREEN LIGHTMAP_ON DIRLIGHTMAP_OFF ok=1
Cmd: compileSnippet
  api=0 type=0 insize=5358 outsize=2566 kw=DIRECTIONAL SHADOWS_SCREEN LIGHTMAP_OFF DIRLIGHTMAP_OFF VERTEXLIGHT_ON ok=1
Cmd: compileSnippet
  api=1 type=1 insize=5358 outsize=1725 kw=DIRECTIONAL SHADOWS_OFF LIGHTMAP_OFF DIRLIGHTMAP_OFF ok=1
Cmd: compileSnippet
  api=1 type=1 insize=5358 outsize=1806 kw=DIRECTIONAL SHADOWS_SCREEN LIGHTMAP_OFF DIRLIGHTMAP_OFF ok=1
Cmd: compileSnippet
  api=1 type=1 insize=5358 outsize=1276 kw=DIRECTIONAL SHADOWS_SCREEN LIGHTMAP_ON DIRLIGHTMAP_OFF ok=1
Cmd: compileSnippet
  api=1 type=0 insize=3122 outsize=1095 kw=POINT ok=1
Cmd: compileSnippet
  api=0 type=0 insize=3122 outsize=1721 kw=SPOT ok=1
Cmd: compileSnippet
  api=4 type=0 insize=3122 outsize=5142 kw=POINT_COOKIE ok=1
Cmd: compileSnippet
  api=1 type=1 insize=3122 outsize=1595 kw=POINT ok=1
Cmd: compileSnippet
  api=1 type=1 insize=3122 outsize=1743 kw=SPOT ok=1
Cmd: compileSnippet
  api=4 type=1 insize=3122 outsize=4207 kw=POINT_COOKIE ok=1
Cmd: compileSnippet
  api=8 type=0 insize=5105 outsize=7768 kw=DIRECTIONAL SHADOWS_OFF LIGHTMAP_OFF DIRLIGHTMAP_OFF ok=1
Cmd: compileSnippet
  api=4 type=0 insize=5105 outsize=5572 kw=DIRECTIONAL SHADOWS_SCREEN LIGHTMAP_OFF DIRLIGHTMAP_OFF ok=1
Cmd: compileSnippet
  api=4 type=0 insize=5105 outsize=4045 kw=DIRECTIONAL SHADOWS_SCREEN LIGHTMAP_ON DIRLIGHTMAP_OFF ok=1
Cmd: compileSnippet
  api=1 type=0 insize=5105 outsize=1697 kw=DIRECTIONAL SHADOWS_OFF LIGHTMAP_OFF DIRLIGHTMAP_OFF VERTEXLIGHT_ON ok=1
Cmd: compileSnippet
  api=1 type=0 insize=5105 outsize=1817 kw=DIRECTIONAL SHADOWS_SCREEN LIGHTMAP_OFF DIRLIGHTMAP_OFF VERTEXLIGHT_ON ok=1
Cmd: compileSnippet
  api=4 type=0 insize=5105 outsize=7295 kw=DIRECTIONAL SHADOWS_SCREEN LIGHTMAP_OFF DIRLIGHTMAP_OFF VERTEXLIGHT_ON ok=1
Cmd: compileSnippet
  api=1 type=1 insize=5105 outsize=1075 kw=DIRECTIONAL SHADOWS_OFF LIGHTMAP_OFF DIRLIGHTMAP_OFF ok=1
Cmd: compileSnippet
  api=8 type=1 insize=5105 outsize=4493 kw=DIRECTIONAL SHADOWS_OFF LIGHTMAP_ON DIRLIGHTMAP_OFF ok=1
Cmd: compileSnippet
  api=8 type=1 insize=5105 outsize=5347 kw=DIRECTIONAL SHADOWS_SCREEN LIGHTMAP_ON DIRLIGHTMAP_OFF ok=1
Cmd: compileSnippet
  api=1 type=0 insize=2900 outsize=943 kw=POINT ok=1
Cmd: compileSnippet
  api=4 type=0 insize=2900 outsize=4085 kw=DIRECTIONAL ok=1
Cmd: compileSnippet
  api=0 type=0 insize=2900 outsize=1589 kw=SPOT ok=1
Cmd: compileSnippet
  api=8 type=0 insize=2900 outsize=7183 kw=SPOT ok=1
Cmd: compileSnippet
  api=8 type=0 insize=2900 outsize=7053 kw=DIRECTIONAL_COOKIE ok=1
Cmd: compileSnippet
  api=8 type=1 insize=2900 outsize=4786 kw=POINT ok=1
Cmd: compileSnippet
  api=4 type=1 insize=2900 outsize=3630 kw=SPOT ok=1
Cmd: compileSnippet
  api=4 type=1 insize=2900 outsize=3322 kw=POINT_COOKIE ok=1
Cmd: compileSnippet
  api=1 type=1 insize=2900 outsize=956 kw=DIRECTIONAL_COOKIE ok=1
Cmd: compileSnippet
  api=8 type=1 insize=2900 outsize=4453 kw=DIRECTIONAL_COOKIE ok=1
Cmd: compileSnippet
  api=1 type=0 insize=5387 outsize=768 kw=DIRECTIONAL SHADOWS_OFF LIGHTMAP_ON DIRLIGHTMAP_OFF ok=1
Cmd: compileSnippet
  api=4 type=0 insize=5387 outsize=3687 kw=DIRECTIONAL SHADOWS_OFF LIGHTMAP_ON DIRLIGHTMAP_OFF ok=1
Cmd: compileSnippet
  api=0 type=0 insize=5387 outsize=1234 kw=DIRECTIONAL SHADOWS_SCREEN LIGHTMAP_ON DIRLIGHTMAP_OFF ok=1
Cmd: compileSnippet
  api=4 type=0 insize=5387 outsize=4045 kw=DIRECTIONAL SHADOWS_SCREEN LIGHTMAP_ON DIRLIGHTMAP_OFF ok=1
Cmd: compileSnippet
  api=0 type=0 insize=5387 outsize=2566 kw=DIRECTIONAL SHADOWS_SCREEN LIGHTMAP_OFF DIRLIGHTMAP_OFF VERTEXLIGHT_ON ok=1
Cmd: compileSnippet
  api=1 type=1 insize=5387 outsize=1869 kw=DIRECTIONAL SHADOWS_OFF LIGHTMAP_OFF DIRLIGHTMAP_OFF ok=1
Cmd: compileSnippet
  api=4 type=1 insize=5387 outsize=3289 kw=DIRECTIONAL SHADOWS_OFF LIGHTMAP_ON DIRLIGHTMAP_OFF ok=1
Cmd: compileSnippet
  api=4 type=1 insize=5387 outsize=3833 kw=DIRECTIONAL SHADOWS_SCREEN LIGHTMAP_ON DIRLIGHTMAP_OFF ok=1
Cmd: compileSnippet
  api=0 type=0 insize=3151 outsize=1398 kw=DIRECTIONAL ok=1
Cmd: compileSnippet
  api=1 type=0 insize=3151 outsize=1113 kw=SPOT ok=1
Cmd: compileSnippet
  api=4 type=0 insize=3151 outsize=5142 kw=POINT_COOKIE ok=1
Cmd: compileSnippet
  api=4 type=0 insize=3151 outsize=5052 kw=DIRECTIONAL_COOKIE ok=1
Cmd: compileSnippet
  api=1 type=1 insize=3151 outsize=1765 kw=POINT ok=1
Cmd: compileSnippet
  api=0 type=1 insize=3151 outsize=2033 kw=SPOT ok=1
Cmd: compileSnippet
  api=4 type=1 insize=3151 outsize=4646 kw=POINT_COOKIE ok=1
Cmd: compileSnippet
  api=1 type=0 insize=5137 outsize=1134 kw=DIRECTIONAL SHADOWS_OFF LIGHTMAP_OFF DIRLIGHTMAP_OFF ok=1
Cmd: compileSnippet
  api=1 type=0 insize=5137 outsize=696 kw=DIRECTIONAL SHADOWS_OFF LIGHTMAP_ON DIRLIGHTMAP_OFF ok=1
Cmd: compileSnippet
  api=1 type=0 insize=5137 outsize=1254 kw=DIRECTIONAL SHADOWS_SCREEN LIGHTMAP_OFF DIRLIGHTMAP_OFF ok=1
Cmd: compileSnippet
  api=1 type=0 insize=5137 outsize=816 kw=DIRECTIONAL SHADOWS_SCREEN LIGHTMAP_ON DIRLIGHTMAP_OFF ok=1
Cmd: compileSnippet
  api=8 type=0 insize=5137 outsize=5972 kw=DIRECTIONAL SHADOWS_SCREEN LIGHTMAP_ON DIRLIGHTMAP_OFF ok=1
Cmd: compileSnippet
  api=1 type=0 insize=5137 outsize=1817 kw=DIRECTIONAL SHADOWS_SCREEN LIGHTMAP_OFF DIRLIGHTMAP_OFF VERTEXLIGHT_ON ok=1
Cmd: compileSnippet
  api=8 type=1 insize=5137 outsize=5314 kw=DIRECTIONAL SHADOWS_OFF LIGHTMAP_OFF DIRLIGHTMAP_OFF ok=1
Cmd: compileSnippet
  api=1 type=1 insize=5137 outsize=1214 kw=DIRECTIONAL SHADOWS_SCREEN LIGHTMAP_ON DIRLIGHTMAP_OFF ok=1
Cmd: compileSnippet
  api=8 type=1 insize=5137 outsize=5745 kw=DIRECTIONAL SHADOWS_SCREEN LIGHTMAP_ON DIRLIGHTMAP_OFF ok=1
Cmd: compileSnippet
  api=8 type=0 insize=2932 outsize=7183 kw=POINT ok=1
Cmd: compileSnippet
  api=4 type=0 insize=2932 outsize=4898 kw=POINT_COOKIE ok=1
Cmd: compileSnippet
  api=0 type=0 insize=2932 outsize=1472 kw=DIRECTIONAL_COOKIE ok=1
Cmd: compileSnippet
  api=8 type=0 insize=2932 outsize=7053 kw=DIRECTIONAL_COOKIE ok=1
Cmd: compileSnippet
  api=8 type=1 insize=2932 outsize=5168 kw=POINT ok=1
Cmd: compileSnippet
  api=8 type=1 insize=2932 outsize=5867 kw=SPOT ok=1
Cmd: compileSnippet
  api=1 type=0 insize=492 outsize=864 kw= ok=1
Cmd: compileSnippet
  api=1 type=0 insize=519 outsize=864 kw= ok=1
Cmd: compileSnippet
  api=1 type=1 insize=443 outsize=1270 kw= ok=1
Cmd: compileSnippet
  api=1 type=1 insize=474 outsize=1442 kw= ok=1
Cmd: compileSnippet
  api=8 type=1 insize=474 outsize=6606 kw= ok=1
Unhandled exception: Readfile from pipe failed. GLE=管道已结束。


Quitting shader compiler process
