Base path: H:/unity3d/Data
Pipe name: \\.\pipe\UnityShaderCompiler-2-5384
Cmd: getPlatforms
Cmd: compileSnippet
  api=1 type=0 insize=3359 outsize=449 kw=WATER_REFRACTIVE ok=1
Cmd: compileSnippet
  api=0 type=0 insize=3359 outsize=636 kw=WATER_SIMPLE ok=1
Cmd: compileSnippet
  api=0 type=1 insize=3359 outsize=944 kw=WATER_REFLECTIVE ok=1
Cmd: compileSnippet
  api=8 type=1 insize=3359 outsize=3860 kw=WATER_REFLECTIVE ok=1
Cmd: compileSnippet
  api=1 type=0 insize=500 outsize=864 kw= ok=1
Cmd: compileSnippet
  api=1 type=0 insize=534 outsize=864 kw= ok=1
Cmd: compileSnippet
  api=1 type=1 insize=451 outsize=697 kw= ok=1
Cmd: compileSnippet
  api=8 type=0 insize=485 outsize=5265 kw= ok=1
Cmd: compileSnippet
  api=8 type=1 insize=485 outsize=4632 kw= ok=1
Cmd: compileSnippet
  api=1 type=0 insize=5744 outsize=865 kw=DIRECTIONAL SHADOWS_OFF LIGHTMAP_ON DIRLIGHTMAP_OFF ok=1
Cmd: compileSnippet
  api=1 type=0 insize=5744 outsize=1511 kw=DIRECTIONAL SHADOWS_SCREEN LIGHTMAP_OFF DIRLIGHTMAP_OFF ok=1
Cmd: compileSnippet
  api=1 type=0 insize=5744 outsize=1006 kw=DIRECTIONAL SHADOWS_SCREEN LIGHTMAP_ON DIRLIGHTMAP_OFF ok=1
Cmd: compileSnippet
  api=4 type=0 insize=5744 outsize=7490 kw=DIRECTIONAL SHADOWS_OFF LIGHTMAP_OFF DIRLIGHTMAP_OFF VERTEXLIGHT_ON ok=1
Cmd: compileSnippet
  api=4 type=0 insize=5744 outsize=7847 kw=DIRECTIONAL SHADOWS_SCREEN LIGHTMAP_OFF DIRLIGHTMAP_OFF VERTEXLIGHT_ON ok=1
Cmd: compileSnippet
  api=0 type=1 insize=5744 outsize=1458 kw=DIRECTIONAL SHADOWS_OFF LIGHTMAP_ON DIRLIGHTMAP_OFF ok=1
Cmd: compileSnippet
  api=4 type=1 insize=5744 outsize=4053 kw=DIRECTIONAL SHADOWS_OFF LIGHTMAP_ON DIRLIGHTMAP_OFF ok=1
Cmd: compileSnippet
  api=1 type=0 insize=3480 outsize=1192 kw=POINT ok=1
Cmd: compileSnippet
  api=4 type=0 insize=3480 outsize=5418 kw=POINT_COOKIE ok=1
Cmd: compileSnippet
  api=1 type=1 insize=3480 outsize=2036 kw=POINT ok=1
Cmd: compileSnippet
  api=1 type=1 insize=3480 outsize=2204 kw=SPOT ok=1
Cmd: compileSnippet
  api=4 type=1 insize=3480 outsize=5540 kw=POINT_COOKIE ok=1
Cmd: compileSnippet
  api=8 type=0 insize=5492 outsize=8207 kw=DIRECTIONAL SHADOWS_OFF LIGHTMAP_OFF DIRLIGHTMAP_OFF ok=1
Cmd: compileSnippet
  api=8 type=0 insize=5492 outsize=8718 kw=DIRECTIONAL SHADOWS_SCREEN LIGHTMAP_OFF DIRLIGHTMAP_OFF ok=1
Cmd: compileSnippet
  api=4 type=0 insize=5492 outsize=7246 kw=DIRECTIONAL SHADOWS_OFF LIGHTMAP_OFF DIRLIGHTMAP_OFF VERTEXLIGHT_ON ok=1
Cmd: compileSnippet
  api=1 type=1 insize=5492 outsize=1434 kw=DIRECTIONAL SHADOWS_OFF LIGHTMAP_OFF DIRLIGHTMAP_OFF ok=1
Cmd: compileSnippet
  api=4 type=1 insize=5492 outsize=4053 kw=DIRECTIONAL SHADOWS_OFF LIGHTMAP_ON DIRLIGHTMAP_OFF ok=1
Cmd: compileSnippet
  api=0 type=1 insize=5492 outsize=1640 kw=DIRECTIONAL SHADOWS_SCREEN LIGHTMAP_ON DIRLIGHTMAP_OFF ok=1
Cmd: compileSnippet
  api=4 type=1 insize=5492 outsize=4597 kw=DIRECTIONAL SHADOWS_SCREEN LIGHTMAP_ON DIRLIGHTMAP_OFF ok=1
Cmd: compileSnippet
  api=0 type=0 insize=3259 outsize=1403 kw=DIRECTIONAL ok=1
Cmd: compileSnippet
  api=8 type=0 insize=3259 outsize=6460 kw=DIRECTIONAL ok=1
Cmd: compileSnippet
  api=8 type=0 insize=3259 outsize=7589 kw=SPOT ok=1
Cmd: compileSnippet
  api=4 type=0 insize=3259 outsize=5085 kw=DIRECTIONAL_COOKIE ok=1
Cmd: compileSnippet
  api=0 type=1 insize=3259 outsize=1444 kw=DIRECTIONAL ok=1
Cmd: compileSnippet
  api=8 type=1 insize=3259 outsize=5826 kw=DIRECTIONAL ok=1
Cmd: compileSnippet
  api=4 type=1 insize=3259 outsize=4394 kw=POINT_COOKIE ok=1
Cmd: compileSnippet
  api=4 type=1 insize=3259 outsize=3996 kw=DIRECTIONAL_COOKIE ok=1
Cmd: compileSnippet
  api=1 type=0 insize=5358 outsize=768 kw=DIRECTIONAL SHADOWS_OFF LIGHTMAP_ON DIRLIGHTMAP_OFF ok=1
Cmd: compileSnippet
  api=4 type=0 insize=5358 outsize=3687 kw=DIRECTIONAL SHADOWS_OFF LIGHTMAP_ON DIRLIGHTMAP_OFF ok=1
Cmd: compileSnippet
  api=0 type=0 insize=5358 outsize=1234 kw=DIRECTIONAL SHADOWS_SCREEN LIGHTMAP_ON DIRLIGHTMAP_OFF ok=1
Cmd: compileSnippet
  api=0 type=0 insize=5358 outsize=2468 kw=DIRECTIONAL SHADOWS_OFF LIGHTMAP_OFF DIRLIGHTMAP_OFF VERTEXLIGHT_ON ok=1
Cmd: compileSnippet
  api=1 type=0 insize=5358 outsize=1979 kw=DIRECTIONAL SHADOWS_SCREEN LIGHTMAP_OFF DIRLIGHTMAP_OFF VERTEXLIGHT_ON ok=1
Cmd: compileSnippet
  api=1 type=1 insize=5358 outsize=1100 kw=DIRECTIONAL SHADOWS_OFF LIGHTMAP_ON DIRLIGHTMAP_OFF ok=1
Cmd: compileSnippet
  api=0 type=1 insize=5358 outsize=1824 kw=DIRECTIONAL SHADOWS_SCREEN LIGHTMAP_OFF DIRLIGHTMAP_OFF ok=1
Cmd: compileSnippet
  api=0 type=1 insize=5358 outsize=1303 kw=DIRECTIONAL SHADOWS_SCREEN LIGHTMAP_ON DIRLIGHTMAP_OFF ok=1
Cmd: compileSnippet
  api=4 type=1 insize=5358 outsize=3573 kw=DIRECTIONAL SHADOWS_SCREEN LIGHTMAP_ON DIRLIGHTMAP_OFF ok=1
Cmd: compileSnippet
  api=1 type=0 insize=3122 outsize=929 kw=DIRECTIONAL ok=1
Cmd: compileSnippet
  api=0 type=0 insize=3122 outsize=1684 kw=POINT_COOKIE ok=1
Cmd: compileSnippet
  api=0 type=0 insize=3122 outsize=1604 kw=DIRECTIONAL_COOKIE ok=1
Cmd: compileSnippet
  api=0 type=1 insize=3122 outsize=1508 kw=DIRECTIONAL ok=1
Cmd: compileSnippet
  api=0 type=1 insize=3122 outsize=1867 kw=SPOT ok=1
Cmd: compileSnippet
  api=0 type=1 insize=3122 outsize=1578 kw=DIRECTIONAL_COOKIE ok=1
Cmd: compileSnippet
  api=1 type=1 insize=3122 outsize=1535 kw=DIRECTIONAL_COOKIE ok=1
Cmd: compileSnippet
  api=0 type=0 insize=5105 outsize=1118 kw=DIRECTIONAL SHADOWS_OFF LIGHTMAP_ON DIRLIGHTMAP_OFF ok=1
Cmd: compileSnippet
  api=4 type=0 insize=5105 outsize=3687 kw=DIRECTIONAL SHADOWS_OFF LIGHTMAP_ON DIRLIGHTMAP_OFF ok=1
Cmd: compileSnippet
  api=0 type=0 insize=5105 outsize=1788 kw=DIRECTIONAL SHADOWS_SCREEN LIGHTMAP_OFF DIRLIGHTMAP_OFF ok=1
Cmd: compileSnippet
  api=0 type=0 insize=5105 outsize=1230 kw=DIRECTIONAL SHADOWS_SCREEN LIGHTMAP_ON DIRLIGHTMAP_OFF ok=1
Cmd: compileSnippet
  api=8 type=0 insize=5105 outsize=5972 kw=DIRECTIONAL SHADOWS_SCREEN LIGHTMAP_ON DIRLIGHTMAP_OFF ok=1
Cmd: compileSnippet
  api=8 type=0 insize=5105 outsize=10514 kw=DIRECTIONAL SHADOWS_OFF LIGHTMAP_OFF DIRLIGHTMAP_OFF VERTEXLIGHT_ON ok=1
Cmd: compileSnippet
  api=0 type=1 insize=5105 outsize=1128 kw=DIRECTIONAL SHADOWS_OFF LIGHTMAP_ON DIRLIGHTMAP_OFF ok=1
Cmd: compileSnippet
  api=4 type=1 insize=5105 outsize=3029 kw=DIRECTIONAL SHADOWS_OFF LIGHTMAP_ON DIRLIGHTMAP_OFF ok=1
Cmd: compileSnippet
  api=1 type=1 insize=5105 outsize=1130 kw=DIRECTIONAL SHADOWS_SCREEN LIGHTMAP_OFF DIRLIGHTMAP_OFF ok=1
Cmd: compileSnippet
  api=8 type=1 insize=5105 outsize=5306 kw=DIRECTIONAL SHADOWS_SCREEN LIGHTMAP_OFF DIRLIGHTMAP_OFF ok=1
Cmd: compileSnippet
  api=8 type=0 insize=2900 outsize=7183 kw=POINT ok=1
Cmd: compileSnippet
  api=4 type=0 insize=2900 outsize=4898 kw=SPOT ok=1
Cmd: compileSnippet
  api=0 type=0 insize=2900 outsize=1472 kw=DIRECTIONAL_COOKIE ok=1
Cmd: compileSnippet
  api=4 type=0 insize=2900 outsize=4808 kw=DIRECTIONAL_COOKIE ok=1
Cmd: compileSnippet
  api=0 type=1 insize=2900 outsize=1080 kw=DIRECTIONAL ok=1
Cmd: compileSnippet
  api=4 type=1 insize=2900 outsize=2720 kw=DIRECTIONAL ok=1
Cmd: compileSnippet
  api=8 type=1 insize=2900 outsize=5485 kw=SPOT ok=1
Cmd: compileSnippet
  api=1 type=0 insize=5387 outsize=1286 kw=DIRECTIONAL SHADOWS_OFF LIGHTMAP_OFF DIRLIGHTMAP_OFF ok=1
Cmd: compileSnippet
  api=0 type=0 insize=5387 outsize=1904 kw=DIRECTIONAL SHADOWS_SCREEN LIGHTMAP_OFF DIRLIGHTMAP_OFF ok=1
Cmd: compileSnippet
  api=1 type=0 insize=5387 outsize=909 kw=DIRECTIONAL SHADOWS_SCREEN LIGHTMAP_ON DIRLIGHTMAP_OFF ok=1
Cmd: compileSnippet
  api=4 type=0 insize=5387 outsize=7181 kw=DIRECTIONAL SHADOWS_OFF LIGHTMAP_OFF DIRLIGHTMAP_OFF VERTEXLIGHT_ON ok=1
Cmd: compileSnippet
  api=0 type=1 insize=5387 outsize=1204 kw=DIRECTIONAL SHADOWS_OFF LIGHTMAP_ON DIRLIGHTMAP_OFF ok=1
Cmd: compileSnippet
  api=0 type=1 insize=5387 outsize=2011 kw=DIRECTIONAL SHADOWS_SCREEN LIGHTMAP_OFF DIRLIGHTMAP_OFF ok=1
Cmd: compileSnippet
  api=0 type=1 insize=5387 outsize=1372 kw=DIRECTIONAL SHADOWS_SCREEN LIGHTMAP_ON DIRLIGHTMAP_OFF ok=1
Cmd: compileSnippet
  api=1 type=0 insize=3151 outsize=1095 kw=POINT ok=1
Cmd: compileSnippet
  api=4 type=0 insize=3151 outsize=5142 kw=SPOT ok=1
Cmd: compileSnippet
  api=1 type=0 insize=3151 outsize=1050 kw=DIRECTIONAL_COOKIE ok=1
Cmd: compileSnippet
  api=1 type=1 insize=3151 outsize=1620 kw=DIRECTIONAL ok=1
Cmd: compileSnippet
  api=0 type=1 insize=3151 outsize=1918 kw=POINT_COOKIE ok=1
Cmd: compileSnippet
  api=0 type=1 insize=3151 outsize=1764 kw=DIRECTIONAL_COOKIE ok=1
Cmd: compileSnippet
  api=8 type=0 insize=5137 outsize=7768 kw=DIRECTIONAL SHADOWS_OFF LIGHTMAP_OFF DIRLIGHTMAP_OFF ok=1
Cmd: compileSnippet
  api=4 type=0 insize=5137 outsize=5572 kw=DIRECTIONAL SHADOWS_SCREEN LIGHTMAP_OFF DIRLIGHTMAP_OFF ok=1
Cmd: compileSnippet
  api=4 type=0 insize=5137 outsize=4045 kw=DIRECTIONAL SHADOWS_SCREEN LIGHTMAP_ON DIRLIGHTMAP_OFF ok=1
Cmd: compileSnippet
  api=1 type=0 insize=5137 outsize=1697 kw=DIRECTIONAL SHADOWS_OFF LIGHTMAP_OFF DIRLIGHTMAP_OFF VERTEXLIGHT_ON ok=1
Cmd: compileSnippet
  api=0 type=0 insize=5137 outsize=2446 kw=DIRECTIONAL SHADOWS_SCREEN LIGHTMAP_OFF DIRLIGHTMAP_OFF VERTEXLIGHT_ON ok=1
Cmd: compileSnippet
  api=8 type=0 insize=5137 outsize=11026 kw=DIRECTIONAL SHADOWS_SCREEN LIGHTMAP_OFF DIRLIGHTMAP_OFF VERTEXLIGHT_ON ok=1
Cmd: compileSnippet
  api=0 type=1 insize=5137 outsize=1205 kw=DIRECTIONAL SHADOWS_OFF LIGHTMAP_ON DIRLIGHTMAP_OFF ok=1
Cmd: compileSnippet
  api=8 type=1 insize=5137 outsize=4892 kw=DIRECTIONAL SHADOWS_OFF LIGHTMAP_ON DIRLIGHTMAP_OFF ok=1
Cmd: compileSnippet
  api=0 type=1 insize=5137 outsize=1370 kw=DIRECTIONAL SHADOWS_SCREEN LIGHTMAP_ON DIRLIGHTMAP_OFF ok=1
Cmd: compileSnippet
  api=1 type=0 insize=2932 outsize=943 kw=POINT ok=1
Cmd: compileSnippet
  api=4 type=0 insize=2932 outsize=4085 kw=DIRECTIONAL ok=1
Cmd: compileSnippet
  api=0 type=0 insize=2932 outsize=1589 kw=SPOT ok=1
Cmd: compileSnippet
  api=4 type=0 insize=2932 outsize=4898 kw=SPOT ok=1
Cmd: compileSnippet
  api=1 type=0 insize=2932 outsize=943 kw=POINT_COOKIE ok=1
Cmd: compileSnippet
  api=1 type=0 insize=2932 outsize=897 kw=DIRECTIONAL_COOKIE ok=1
Cmd: compileSnippet
  api=1 type=1 insize=2932 outsize=1237 kw=POINT ok=1
Cmd: compileSnippet
  api=8 type=1 insize=2932 outsize=4510 kw=DIRECTIONAL ok=1
Cmd: compileSnippet
  api=8 type=1 insize=2932 outsize=5452 kw=POINT_COOKIE ok=1
Cmd: compileSnippet
  api=1 type=0 insize=550 outsize=864 kw= ok=1
Cmd: compileSnippet
  api=1 type=0 insize=443 outsize=763 kw= ok=1
Cmd: compileSnippet
  api=1 type=0 insize=474 outsize=763 kw= ok=1
Cmd: compileSnippet
  api=1 type=0 insize=474 outsize=763 kw= ok=1
Cmd: compileSnippet
  api=1 type=1 insize=474 outsize=1442 kw= ok=1
Unhandled exception: Readfile from pipe failed. GLE=管道已结束。


Quitting shader compiler process
